<?xml version="1.0" encoding="UTF-8" ?>
<testsuite errors="0" failures="0" hostname="Samis-MacBook-Pro-2.local" name="com.flatironschool.javacs.WikiPhilosophyTest" skipped="0" tests="1" time="14.637" timestamp="2016-07-10T01:05:15">
  <properties>
[...]
</properties>
  <testcase classname="com.flatironschool.javacs.WikiPhilosophyTest" name="testMain" time="14.369" />
  <system-out><![CDATA[we are currently at https://en.wikipedia.org/wiki/Pythagoras
we are currently at https://en.wikipedia.org/wiki/Ionians
we are currently at https://en.wikipedia.org/wiki/Tribe
we are currently at https://en.wikipedia.org/wiki/Social_group
we are currently at https://en.wikipedia.org/wiki/Social_science
we are currently at https://en.wikipedia.org/wiki/Outline_of_academic_disciplines
we are currently at https://en.wikipedia.org/wiki/Outline_(list)
we are currently at https://en.wikipedia.org/wiki/Hierarchical
we are currently at https://en.wikipedia.org/wiki/Hierarchical
we are currently at https://en.wikipedia.org/wiki/Path_(graph_theory)
we are currently at https://en.wikipedia.org/wiki/Graph_theory
we are currently at https://en.wikipedia.org/wiki/Mathematics
we are currently at https://en.wikipedia.org/wiki/Quantity
we are currently at https://en.wikipedia.org/wiki/Property_(philosophy)
We are currently at https://en.wikipedia.org/wiki/Philosophy
WE MADE IT IN 14 STEPS!!
]]></system-out>
  <system-err><![CDATA[]]></system-err>
</testsuite>
